D:\DOCUMENTS\VISUAL STUDIO 2012\PROJECTS\CONSOLEAPPLICATION6\CONSOLEAPPLICATION6\DEBUG\MAIN.OBJ
D:\DOCUMENTS\VISUAL STUDIO 2012\PROJECTS\CONSOLEAPPLICATION6\CONSOLEAPPLICATION6\DEBUG\VC110.PDB
D:\DOCUMENTS\VISUAL STUDIO 2012\PROJECTS\CONSOLEAPPLICATION6\CONSOLEAPPLICATION6\DEBUG\SERIALPORT.OBJ
D:\DOCUMENTS\VISUAL STUDIO 2012\PROJECTS\CONSOLEAPPLICATION6\CONSOLEAPPLICATION6\DEBUG\BASICFUNCTIONS.OBJ
D:\DOCUMENTS\VISUAL STUDIO 2012\PROJECTS\CONSOLEAPPLICATION6\CONSOLEAPPLICATION6\DEBUG\TARGET.OBJ
D:\DOCUMENTS\VISUAL STUDIO 2012\PROJECTS\CONSOLEAPPLICATION6\DEBUG\小车走黑线.ILK
D:\DOCUMENTS\VISUAL STUDIO 2012\PROJECTS\CONSOLEAPPLICATION6\DEBUG\小车走黑线.EXE
D:\DOCUMENTS\VISUAL STUDIO 2012\PROJECTS\CONSOLEAPPLICATION6\DEBUG\小车走黑线.PDB
d:\documents\visual studio 2012\Projects\ConsoleApplication6\ConsoleApplication6\Debug\BasicFunctions.obj
d:\documents\visual studio 2012\Projects\ConsoleApplication6\ConsoleApplication6\Debug\main.obj
d:\documents\visual studio 2012\Projects\ConsoleApplication6\ConsoleApplication6\Debug\SerialPort.obj
d:\documents\visual studio 2012\Projects\ConsoleApplication6\ConsoleApplication6\Debug\target.obj
d:\documents\visual studio 2012\Projects\ConsoleApplication6\ConsoleApplication6\Debug\cl.command.1.tlog
d:\documents\visual studio 2012\Projects\ConsoleApplication6\ConsoleApplication6\Debug\CL.read.1.tlog
d:\documents\visual studio 2012\Projects\ConsoleApplication6\ConsoleApplication6\Debug\CL.write.1.tlog
d:\documents\visual studio 2012\Projects\ConsoleApplication6\ConsoleApplication6\Debug\link-cvtres.read.1.tlog
d:\documents\visual studio 2012\Projects\ConsoleApplication6\ConsoleApplication6\Debug\link-cvtres.write.1.tlog
d:\documents\visual studio 2012\Projects\ConsoleApplication6\ConsoleApplication6\Debug\link-rc.read.1.tlog
d:\documents\visual studio 2012\Projects\ConsoleApplication6\ConsoleApplication6\Debug\link-rc.write.1.tlog
d:\documents\visual studio 2012\Projects\ConsoleApplication6\ConsoleApplication6\Debug\link.1368-cvtres.read.1.tlog
d:\documents\visual studio 2012\Projects\ConsoleApplication6\ConsoleApplication6\Debug\link.1368-cvtres.write.1.tlog
d:\documents\visual studio 2012\Projects\ConsoleApplication6\ConsoleApplication6\Debug\link.1368-rc.read.1.tlog
d:\documents\visual studio 2012\Projects\ConsoleApplication6\ConsoleApplication6\Debug\link.1368-rc.write.1.tlog
d:\documents\visual studio 2012\Projects\ConsoleApplication6\ConsoleApplication6\Debug\link.1368.read.1.tlog
d:\documents\visual studio 2012\Projects\ConsoleApplication6\ConsoleApplication6\Debug\link.1368.write.1.tlog
d:\documents\visual studio 2012\Projects\ConsoleApplication6\ConsoleApplication6\Debug\link.1600-cvtres.read.1.tlog
d:\documents\visual studio 2012\Projects\ConsoleApplication6\ConsoleApplication6\Debug\link.1600-cvtres.write.1.tlog
d:\documents\visual studio 2012\Projects\ConsoleApplication6\ConsoleApplication6\Debug\link.1600-rc.read.1.tlog
d:\documents\visual studio 2012\Projects\ConsoleApplication6\ConsoleApplication6\Debug\link.1600-rc.write.1.tlog
d:\documents\visual studio 2012\Projects\ConsoleApplication6\ConsoleApplication6\Debug\link.1600.read.1.tlog
d:\documents\visual studio 2012\Projects\ConsoleApplication6\ConsoleApplication6\Debug\link.1600.write.1.tlog
d:\documents\visual studio 2012\Projects\ConsoleApplication6\ConsoleApplication6\Debug\link.1680-cvtres.read.1.tlog
d:\documents\visual studio 2012\Projects\ConsoleApplication6\ConsoleApplication6\Debug\link.1680-cvtres.write.1.tlog
d:\documents\visual studio 2012\Projects\ConsoleApplication6\ConsoleApplication6\Debug\link.1680-rc.read.1.tlog
d:\documents\visual studio 2012\Projects\ConsoleApplication6\ConsoleApplication6\Debug\link.1680-rc.write.1.tlog
d:\documents\visual studio 2012\Projects\ConsoleApplication6\ConsoleApplication6\Debug\link.1680.read.1.tlog
d:\documents\visual studio 2012\Projects\ConsoleApplication6\ConsoleApplication6\Debug\link.1680.write.1.tlog
d:\documents\visual studio 2012\Projects\ConsoleApplication6\ConsoleApplication6\Debug\link.1984-cvtres.read.1.tlog
d:\documents\visual studio 2012\Projects\ConsoleApplication6\ConsoleApplication6\Debug\link.1984-cvtres.write.1.tlog
d:\documents\visual studio 2012\Projects\ConsoleApplication6\ConsoleApplication6\Debug\link.1984-rc.read.1.tlog
d:\documents\visual studio 2012\Projects\ConsoleApplication6\ConsoleApplication6\Debug\link.1984-rc.write.1.tlog
d:\documents\visual studio 2012\Projects\ConsoleApplication6\ConsoleApplication6\Debug\link.1984.read.1.tlog
d:\documents\visual studio 2012\Projects\ConsoleApplication6\ConsoleApplication6\Debug\link.1984.write.1.tlog
d:\documents\visual studio 2012\Projects\ConsoleApplication6\ConsoleApplication6\Debug\link.2360-cvtres.read.1.tlog
d:\documents\visual studio 2012\Projects\ConsoleApplication6\ConsoleApplication6\Debug\link.2360-cvtres.write.1.tlog
d:\documents\visual studio 2012\Projects\ConsoleApplication6\ConsoleApplication6\Debug\link.2360-rc.read.1.tlog
d:\documents\visual studio 2012\Projects\ConsoleApplication6\ConsoleApplication6\Debug\link.2360-rc.write.1.tlog
d:\documents\visual studio 2012\Projects\ConsoleApplication6\ConsoleApplication6\Debug\link.2360.read.1.tlog
d:\documents\visual studio 2012\Projects\ConsoleApplication6\ConsoleApplication6\Debug\link.2360.write.1.tlog
d:\documents\visual studio 2012\Projects\ConsoleApplication6\ConsoleApplication6\Debug\link.2412-cvtres.read.1.tlog
d:\documents\visual studio 2012\Projects\ConsoleApplication6\ConsoleApplication6\Debug\link.2412-cvtres.write.1.tlog
d:\documents\visual studio 2012\Projects\ConsoleApplication6\ConsoleApplication6\Debug\link.2412-rc.read.1.tlog
d:\documents\visual studio 2012\Projects\ConsoleApplication6\ConsoleApplication6\Debug\link.2412-rc.write.1.tlog
d:\documents\visual studio 2012\Projects\ConsoleApplication6\ConsoleApplication6\Debug\link.2412.read.1.tlog
d:\documents\visual studio 2012\Projects\ConsoleApplication6\ConsoleApplication6\Debug\link.2412.write.1.tlog
d:\documents\visual studio 2012\Projects\ConsoleApplication6\ConsoleApplication6\Debug\link.2604-cvtres.read.1.tlog
d:\documents\visual studio 2012\Projects\ConsoleApplication6\ConsoleApplication6\Debug\link.2604-cvtres.write.1.tlog
d:\documents\visual studio 2012\Projects\ConsoleApplication6\ConsoleApplication6\Debug\link.2604-rc.read.1.tlog
d:\documents\visual studio 2012\Projects\ConsoleApplication6\ConsoleApplication6\Debug\link.2604-rc.write.1.tlog
d:\documents\visual studio 2012\Projects\ConsoleApplication6\ConsoleApplication6\Debug\link.2604.read.1.tlog
d:\documents\visual studio 2012\Projects\ConsoleApplication6\ConsoleApplication6\Debug\link.2604.write.1.tlog
d:\documents\visual studio 2012\Projects\ConsoleApplication6\ConsoleApplication6\Debug\link.2688-cvtres.read.1.tlog
d:\documents\visual studio 2012\Projects\ConsoleApplication6\ConsoleApplication6\Debug\link.2688-cvtres.write.1.tlog
d:\documents\visual studio 2012\Projects\ConsoleApplication6\ConsoleApplication6\Debug\link.2688-rc.read.1.tlog
d:\documents\visual studio 2012\Projects\ConsoleApplication6\ConsoleApplication6\Debug\link.2688-rc.write.1.tlog
d:\documents\visual studio 2012\Projects\ConsoleApplication6\ConsoleApplication6\Debug\link.2688.read.1.tlog
d:\documents\visual studio 2012\Projects\ConsoleApplication6\ConsoleApplication6\Debug\link.2688.write.1.tlog
d:\documents\visual studio 2012\Projects\ConsoleApplication6\ConsoleApplication6\Debug\link.3492-cvtres.read.1.tlog
d:\documents\visual studio 2012\Projects\ConsoleApplication6\ConsoleApplication6\Debug\link.3492-cvtres.write.1.tlog
d:\documents\visual studio 2012\Projects\ConsoleApplication6\ConsoleApplication6\Debug\link.3492-rc.read.1.tlog
d:\documents\visual studio 2012\Projects\ConsoleApplication6\ConsoleApplication6\Debug\link.3492-rc.write.1.tlog
d:\documents\visual studio 2012\Projects\ConsoleApplication6\ConsoleApplication6\Debug\link.3492.read.1.tlog
d:\documents\visual studio 2012\Projects\ConsoleApplication6\ConsoleApplication6\Debug\link.3492.write.1.tlog
d:\documents\visual studio 2012\Projects\ConsoleApplication6\ConsoleApplication6\Debug\link.4284-cvtres.read.1.tlog
d:\documents\visual studio 2012\Projects\ConsoleApplication6\ConsoleApplication6\Debug\link.4284-cvtres.write.1.tlog
d:\documents\visual studio 2012\Projects\ConsoleApplication6\ConsoleApplication6\Debug\link.4284-rc.read.1.tlog
d:\documents\visual studio 2012\Projects\ConsoleApplication6\ConsoleApplication6\Debug\link.4284-rc.write.1.tlog
d:\documents\visual studio 2012\Projects\ConsoleApplication6\ConsoleApplication6\Debug\link.4284.read.1.tlog
d:\documents\visual studio 2012\Projects\ConsoleApplication6\ConsoleApplication6\Debug\link.4284.write.1.tlog
d:\documents\visual studio 2012\Projects\ConsoleApplication6\ConsoleApplication6\Debug\link.4360-cvtres.read.1.tlog
d:\documents\visual studio 2012\Projects\ConsoleApplication6\ConsoleApplication6\Debug\link.4360-cvtres.write.1.tlog
d:\documents\visual studio 2012\Projects\ConsoleApplication6\ConsoleApplication6\Debug\link.4360-rc.read.1.tlog
d:\documents\visual studio 2012\Projects\ConsoleApplication6\ConsoleApplication6\Debug\link.4360-rc.write.1.tlog
d:\documents\visual studio 2012\Projects\ConsoleApplication6\ConsoleApplication6\Debug\link.4360.read.1.tlog
d:\documents\visual studio 2012\Projects\ConsoleApplication6\ConsoleApplication6\Debug\link.4360.write.1.tlog
d:\documents\visual studio 2012\Projects\ConsoleApplication6\ConsoleApplication6\Debug\link.4744-cvtres.read.1.tlog
d:\documents\visual studio 2012\Projects\ConsoleApplication6\ConsoleApplication6\Debug\link.4744-cvtres.write.1.tlog
d:\documents\visual studio 2012\Projects\ConsoleApplication6\ConsoleApplication6\Debug\link.4744-rc.read.1.tlog
d:\documents\visual studio 2012\Projects\ConsoleApplication6\ConsoleApplication6\Debug\link.4744-rc.write.1.tlog
d:\documents\visual studio 2012\Projects\ConsoleApplication6\ConsoleApplication6\Debug\link.4744.read.1.tlog
d:\documents\visual studio 2012\Projects\ConsoleApplication6\ConsoleApplication6\Debug\link.4744.write.1.tlog
d:\documents\visual studio 2012\Projects\ConsoleApplication6\ConsoleApplication6\Debug\link.4848-cvtres.read.1.tlog
d:\documents\visual studio 2012\Projects\ConsoleApplication6\ConsoleApplication6\Debug\link.4848-cvtres.write.1.tlog
d:\documents\visual studio 2012\Projects\ConsoleApplication6\ConsoleApplication6\Debug\link.4848-rc.read.1.tlog
d:\documents\visual studio 2012\Projects\ConsoleApplication6\ConsoleApplication6\Debug\link.4848-rc.write.1.tlog
d:\documents\visual studio 2012\Projects\ConsoleApplication6\ConsoleApplication6\Debug\link.4848.read.1.tlog
d:\documents\visual studio 2012\Projects\ConsoleApplication6\ConsoleApplication6\Debug\link.4848.write.1.tlog
d:\documents\visual studio 2012\Projects\ConsoleApplication6\ConsoleApplication6\Debug\link.5708-cvtres.read.1.tlog
d:\documents\visual studio 2012\Projects\ConsoleApplication6\ConsoleApplication6\Debug\link.5708-cvtres.write.1.tlog
d:\documents\visual studio 2012\Projects\ConsoleApplication6\ConsoleApplication6\Debug\link.5708-rc.read.1.tlog
d:\documents\visual studio 2012\Projects\ConsoleApplication6\ConsoleApplication6\Debug\link.5708-rc.write.1.tlog
d:\documents\visual studio 2012\Projects\ConsoleApplication6\ConsoleApplication6\Debug\link.5708.read.1.tlog
d:\documents\visual studio 2012\Projects\ConsoleApplication6\ConsoleApplication6\Debug\link.5708.write.1.tlog
d:\documents\visual studio 2012\Projects\ConsoleApplication6\ConsoleApplication6\Debug\link.5768-cvtres.read.1.tlog
d:\documents\visual studio 2012\Projects\ConsoleApplication6\ConsoleApplication6\Debug\link.5768-cvtres.write.1.tlog
d:\documents\visual studio 2012\Projects\ConsoleApplication6\ConsoleApplication6\Debug\link.5768-rc.read.1.tlog
d:\documents\visual studio 2012\Projects\ConsoleApplication6\ConsoleApplication6\Debug\link.5768-rc.write.1.tlog
d:\documents\visual studio 2012\Projects\ConsoleApplication6\ConsoleApplication6\Debug\link.5768.read.1.tlog
d:\documents\visual studio 2012\Projects\ConsoleApplication6\ConsoleApplication6\Debug\link.5768.write.1.tlog
d:\documents\visual studio 2012\Projects\ConsoleApplication6\ConsoleApplication6\Debug\link.5844-cvtres.read.1.tlog
d:\documents\visual studio 2012\Projects\ConsoleApplication6\ConsoleApplication6\Debug\link.5844-cvtres.write.1.tlog
d:\documents\visual studio 2012\Projects\ConsoleApplication6\ConsoleApplication6\Debug\link.5844-rc.read.1.tlog
d:\documents\visual studio 2012\Projects\ConsoleApplication6\ConsoleApplication6\Debug\link.5844-rc.write.1.tlog
d:\documents\visual studio 2012\Projects\ConsoleApplication6\ConsoleApplication6\Debug\link.5844.read.1.tlog
d:\documents\visual studio 2012\Projects\ConsoleApplication6\ConsoleApplication6\Debug\link.5844.write.1.tlog
d:\documents\visual studio 2012\Projects\ConsoleApplication6\ConsoleApplication6\Debug\link.6068-cvtres.read.1.tlog
d:\documents\visual studio 2012\Projects\ConsoleApplication6\ConsoleApplication6\Debug\link.6068-cvtres.write.1.tlog
d:\documents\visual studio 2012\Projects\ConsoleApplication6\ConsoleApplication6\Debug\link.6068-rc.read.1.tlog
d:\documents\visual studio 2012\Projects\ConsoleApplication6\ConsoleApplication6\Debug\link.6068-rc.write.1.tlog
d:\documents\visual studio 2012\Projects\ConsoleApplication6\ConsoleApplication6\Debug\link.6068.read.1.tlog
d:\documents\visual studio 2012\Projects\ConsoleApplication6\ConsoleApplication6\Debug\link.6068.write.1.tlog
d:\documents\visual studio 2012\Projects\ConsoleApplication6\ConsoleApplication6\Debug\link.6584-cvtres.read.1.tlog
d:\documents\visual studio 2012\Projects\ConsoleApplication6\ConsoleApplication6\Debug\link.6584-cvtres.write.1.tlog
d:\documents\visual studio 2012\Projects\ConsoleApplication6\ConsoleApplication6\Debug\link.6584-rc.read.1.tlog
d:\documents\visual studio 2012\Projects\ConsoleApplication6\ConsoleApplication6\Debug\link.6584-rc.write.1.tlog
d:\documents\visual studio 2012\Projects\ConsoleApplication6\ConsoleApplication6\Debug\link.6584.read.1.tlog
d:\documents\visual studio 2012\Projects\ConsoleApplication6\ConsoleApplication6\Debug\link.6584.write.1.tlog
d:\documents\visual studio 2012\Projects\ConsoleApplication6\ConsoleApplication6\Debug\link.6808-cvtres.read.1.tlog
d:\documents\visual studio 2012\Projects\ConsoleApplication6\ConsoleApplication6\Debug\link.6808-cvtres.write.1.tlog
d:\documents\visual studio 2012\Projects\ConsoleApplication6\ConsoleApplication6\Debug\link.6808-rc.read.1.tlog
d:\documents\visual studio 2012\Projects\ConsoleApplication6\ConsoleApplication6\Debug\link.6808-rc.write.1.tlog
d:\documents\visual studio 2012\Projects\ConsoleApplication6\ConsoleApplication6\Debug\link.6808.read.1.tlog
d:\documents\visual studio 2012\Projects\ConsoleApplication6\ConsoleApplication6\Debug\link.6808.write.1.tlog
d:\documents\visual studio 2012\Projects\ConsoleApplication6\ConsoleApplication6\Debug\link.7224-cvtres.read.1.tlog
d:\documents\visual studio 2012\Projects\ConsoleApplication6\ConsoleApplication6\Debug\link.7224-cvtres.write.1.tlog
d:\documents\visual studio 2012\Projects\ConsoleApplication6\ConsoleApplication6\Debug\link.7224-rc.read.1.tlog
d:\documents\visual studio 2012\Projects\ConsoleApplication6\ConsoleApplication6\Debug\link.7224-rc.write.1.tlog
d:\documents\visual studio 2012\Projects\ConsoleApplication6\ConsoleApplication6\Debug\link.7224.read.1.tlog
d:\documents\visual studio 2012\Projects\ConsoleApplication6\ConsoleApplication6\Debug\link.7224.write.1.tlog
d:\documents\visual studio 2012\Projects\ConsoleApplication6\ConsoleApplication6\Debug\link.7276-cvtres.read.1.tlog
d:\documents\visual studio 2012\Projects\ConsoleApplication6\ConsoleApplication6\Debug\link.7276-cvtres.write.1.tlog
d:\documents\visual studio 2012\Projects\ConsoleApplication6\ConsoleApplication6\Debug\link.7276-rc.read.1.tlog
d:\documents\visual studio 2012\Projects\ConsoleApplication6\ConsoleApplication6\Debug\link.7276-rc.write.1.tlog
d:\documents\visual studio 2012\Projects\ConsoleApplication6\ConsoleApplication6\Debug\link.7276.read.1.tlog
d:\documents\visual studio 2012\Projects\ConsoleApplication6\ConsoleApplication6\Debug\link.7276.write.1.tlog
d:\documents\visual studio 2012\Projects\ConsoleApplication6\ConsoleApplication6\Debug\link.828-cvtres.read.1.tlog
d:\documents\visual studio 2012\Projects\ConsoleApplication6\ConsoleApplication6\Debug\link.828-cvtres.write.1.tlog
d:\documents\visual studio 2012\Projects\ConsoleApplication6\ConsoleApplication6\Debug\link.828-rc.read.1.tlog
d:\documents\visual studio 2012\Projects\ConsoleApplication6\ConsoleApplication6\Debug\link.828-rc.write.1.tlog
d:\documents\visual studio 2012\Projects\ConsoleApplication6\ConsoleApplication6\Debug\link.828.read.1.tlog
d:\documents\visual studio 2012\Projects\ConsoleApplication6\ConsoleApplication6\Debug\link.828.write.1.tlog
d:\documents\visual studio 2012\Projects\ConsoleApplication6\ConsoleApplication6\Debug\link.command.1.tlog
d:\documents\visual studio 2012\Projects\ConsoleApplication6\ConsoleApplication6\Debug\link.read.1.tlog
d:\documents\visual studio 2012\Projects\ConsoleApplication6\ConsoleApplication6\Debug\link.write.1.tlog
d:\documents\visual studio 2012\Projects\ConsoleApplication6\ConsoleApplication6\Debug\vc110.idb
d:\documents\visual studio 2012\Projects\ConsoleApplication6\ConsoleApplication6\Debug\vc110.pdb
d:\documents\visual studio 2012\Projects\ConsoleApplication6\Debug\小车走黑线.pdb
d:\documents\visual studio 2012\Projects\ConsoleApplication6\Debug\小车走黑线.exe
d:\documents\visual studio 2012\Projects\ConsoleApplication6\Debug\小车走黑线.ilk
